# JRE version: Java(TM) SE Runtime Environment (8.0_65-b17) (build 1.8.0_65-b17)
# Java VM: Java HotSpot(TM) 64-Bit Server VM (25.65-b01 mixed mode windows-amd64 compressed oops)
Heap:
 PSYoungGen      total 139776K, used 77572K [0x00000000eab00000, 0x00000000f4480000, 0x0000000100000000)
  eden space 126464K, 58% used [0x00000000eab00000,0x00000000ef346420,0x00000000f2680000)
  from space 13312K, 26% used [0x00000000f3780000,0x00000000f3afaf88,0x00000000f4480000)
  to   space 15360K, 0% used [0x00000000f2680000,0x00000000f2680000,0x00000000f3580000)
 ParOldGen       total 58880K, used 45810K [0x00000000c0000000, 0x00000000c3980000, 0x00000000eab00000)
  object space 58880K, 77% used [0x00000000c0000000,0x00000000c2cbc870,0x00000000c3980000)
 Metaspace       used 53499K, capacity 56894K, committed 57000K, reserved 1097728K
  class space    used 7082K, capacity 8032K, committed 8104K, reserved 1048576K
GC Heap History (10 events):
Event: 724.143 GC heap before
{Heap before GC invocations=31 (full 4):
 PSYoungGen      total 125440K, used 109568K [0x00000000eab00000, 0x00000000f3600000, 0x0000000100000000)
  eden space 109568K, 100% used [0x00000000eab00000,0x00000000f1600000,0x00000000f1600000)
  from space 15872K, 0% used [0x00000000f2680000,0x00000000f2680000,0x00000000f3600000)
  to   space 16384K, 0% used [0x00000000f1600000,0x00000000f1600000,0x00000000f2600000)
 ParOldGen       total 58880K, used 45519K [0x00000000c0000000, 0x00000000c3980000, 0x00000000eab00000)
  object space 58880K, 77% used [0x00000000c0000000,0x00000000c2c73d60,0x00000000c3980000)
 Metaspace       used 52146K, capacity 54796K, committed 54952K, reserved 1095680K
  class space    used 6977K, capacity 7788K, committed 7848K, reserved 1048576K
Event: 724.169 GC heap after
Heap after GC invocations=31 (full 4):
 PSYoungGen      total 125952K, used 4171K [0x00000000eab00000, 0x00000000f3e80000, 0x0000000100000000)
  eden space 109568K, 0% used [0x00000000eab00000,0x00000000eab00000,0x00000000f1600000)
  from space 16384K, 25% used [0x00000000f1600000,0x00000000f1a12f88,0x00000000f2600000)
  to   space 15872K, 0% used [0x00000000f2f00000,0x00000000f2f00000,0x00000000f3e80000)
 ParOldGen       total 58880K, used 45527K [0x00000000c0000000, 0x00000000c3980000, 0x00000000eab00000)
  object space 58880K, 77% used [0x00000000c0000000,0x00000000c2c75d60,0x00000000c3980000)
 Metaspace       used 52146K, capacity 54796K, committed 54952K, reserved 1095680K
  class space    used 6977K, capacity 7788K, committed 7848K, reserved 1048576K
}
Event: 747.484 GC heap before
{Heap before GC invocations=32 (full 4):
 PSYoungGen      total 125952K, used 67235K [0x00000000eab00000, 0x00000000f3e80000, 0x0000000100000000)
  eden space 109568K, 57% used [0x00000000eab00000,0x00000000ee896000,0x00000000f1600000)
  from space 16384K, 25% used [0x00000000f1600000,0x00000000f1a12f88,0x00000000f2600000)
  to   space 15872K, 0% used [0x00000000f2f00000,0x00000000f2f00000,0x00000000f3e80000)
 ParOldGen       total 58880K, used 45527K [0x00000000c0000000, 0x00000000c3980000, 0x00000000eab00000)
  object space 58880K, 77% used [0x00000000c0000000,0x00000000c2c75d60,0x00000000c3980000)
 Metaspace       used 52341K, capacity 55076K, committed 55208K, reserved 1097728K
  class space    used 6981K, capacity 7792K, committed 7848K, reserved 1048576K
Event: 747.494 GC heap after
Heap after GC invocations=32 (full 4):
 PSYoungGen      total 134144K, used 1167K [0x00000000eab00000, 0x00000000f3d80000, 0x0000000100000000)
  eden space 119296K, 0% used [0x00000000eab00000,0x00000000eab00000,0x00000000f1f80000)
  from space 14848K, 7% used [0x00000000f2f00000,0x00000000f3023c60,0x00000000f3d80000)
  to   space 15360K, 0% used [0x00000000f1f80000,0x00000000f1f80000,0x00000000f2e80000)
 ParOldGen       total 58880K, used 45535K [0x00000000c0000000, 0x00000000c3980000, 0x00000000eab00000)
  object space 58880K, 77% used [0x00000000c0000000,0x00000000c2c77d60,0x00000000c3980000)
 Metaspace       used 52341K, capacity 55076K, committed 55208K, reserved 1097728K
  class space    used 6981K, capacity 7792K, committed 7848K, reserved 1048576K
}
Event: 747.494 GC heap before
{Heap before GC invocations=33 (full 5):
 PSYoungGen      total 134144K, used 1167K [0x00000000eab00000, 0x00000000f3d80000, 0x0000000100000000)
  eden space 119296K, 0% used [0x00000000eab00000,0x00000000eab00000,0x00000000f1f80000)
  from space 14848K, 7% used [0x00000000f2f00000,0x00000000f3023c60,0x00000000f3d80000)
  to   space 15360K, 0% used [0x00000000f1f80000,0x00000000f1f80000,0x00000000f2e80000)
 ParOldGen       total 58880K, used 45535K [0x00000000c0000000, 0x00000000c3980000, 0x00000000eab00000)
  object space 58880K, 77% used [0x00000000c0000000,0x00000000c2c77d60,0x00000000c3980000)
 Metaspace       used 52341K, capacity 55076K, committed 55208K, reserved 1097728K
  class space    used 6981K, capacity 7792K, committed 7848K, reserved 1048576K
Event: 748.691 GC heap after
Heap after GC invocations=33 (full 5):
 PSYoungGen      total 134144K, used 0K [0x00000000eab00000, 0x00000000f3d80000, 0x0000000100000000)
  eden space 119296K, 0% used [0x00000000eab00000,0x00000000eab00000,0x00000000f1f80000)
  from space 14848K, 0% used [0x00000000f2f00000,0x00000000f2f00000,0x00000000f3d80000)
  to   space 15360K, 0% used [0x00000000f1f80000,0x00000000f1f80000,0x00000000f2e80000)
 ParOldGen       total 58880K, used 45794K [0x00000000c0000000, 0x00000000c3980000, 0x00000000eab00000)
  object space 58880K, 77% used [0x00000000c0000000,0x00000000c2cb8870,0x00000000c3980000)
 Metaspace       used 52308K, capacity 54962K, committed 55208K, reserved 1097728K
  class space    used 6973K, capacity 7758K, committed 7848K, reserved 1048576K
}
Event: 812.991 GC heap before
{Heap before GC invocations=34 (full 5):
 PSYoungGen      total 134144K, used 119296K [0x00000000eab00000, 0x00000000f3d80000, 0x0000000100000000)
  eden space 119296K, 100% used [0x00000000eab00000,0x00000000f1f80000,0x00000000f1f80000)
  from space 14848K, 0% used [0x00000000f2f00000,0x00000000f2f00000,0x00000000f3d80000)
  to   space 15360K, 0% used [0x00000000f1f80000,0x00000000f1f80000,0x00000000f2e80000)
 ParOldGen       total 58880K, used 45794K [0x00000000c0000000, 0x00000000c3980000, 0x00000000eab00000)
  object space 58880K, 77% used [0x00000000c0000000,0x00000000c2cb8870,0x00000000c3980000)
 Metaspace       used 53038K, capacity 56214K, committed 56360K, reserved 1097728K
  class space    used 7060K, capacity 7954K, committed 7976K, reserved 1048576K
Event: 813.046 GC heap after
Heap after GC invocations=34 (full 5):
 PSYoungGen      total 134656K, used 9107K [0x00000000eab00000, 0x00000000f4700000, 0x0000000100000000)
  eden space 119296K, 0% used [0x00000000eab00000,0x00000000eab00000,0x00000000f1f80000)
  from space 15360K, 59% used [0x00000000f1f80000,0x00000000f2864c68,0x00000000f2e80000)
  to   space 15872K, 0% used [0x00000000f3780000,0x00000000f3780000,0x00000000f4700000)
 ParOldGen       total 58880K, used 45802K [0x00000000c0000000, 0x00000000c3980000, 0x00000000eab00000)
  object space 58880K, 77% used [0x00000000c0000000,0x00000000c2cba870,0x00000000c3980000)
 Metaspace       used 53038K, capacity 56214K, committed 56360K, reserved 1097728K
  class space    used 7060K, capacity 7954K, committed 7976K, reserved 1048576K
}
Event: 897.760 GC heap before
{Heap before GC invocations=35 (full 5):
 PSYoungGen      total 134656K, used 128403K [0x00000000eab00000, 0x00000000f4700000, 0x0000000100000000)
  eden space 119296K, 100% used [0x00000000eab00000,0x00000000f1f80000,0x00000000f1f80000)
  from space 15360K, 59% used [0x00000000f1f80000,0x00000000f2864c68,0x00000000f2e80000)
  to   space 15872K, 0% used [0x00000000f3780000,0x00000000f3780000,0x00000000f4700000)
 ParOldGen       total 58880K, used 45802K [0x00000000c0000000, 0x00000000c3980000, 0x00000000eab00000)
  object space 58880K, 77% used [0x00000000c0000000,0x00000000c2cba870,0x00000000c3980000)
 Metaspace       used 53384K, capacity 56766K, committed 57000K, reserved 1097728K
  class space    used 7082K, capacity 8032K, committed 8104K, reserved 1048576K
Event: 897.779 GC heap after
Heap after GC invocations=35 (full 5):
 PSYoungGen      total 139776K, used 3563K [0x00000000eab00000, 0x00000000f4480000, 0x0000000100000000)
  eden space 126464K, 0% used [0x00000000eab00000,0x00000000eab00000,0x00000000f2680000)
  from space 13312K, 26% used [0x00000000f3780000,0x00000000f3afaf88,0x00000000f4480000)
  to   space 15360K, 0% used [0x00000000f2680000,0x00000000f2680000,0x00000000f3580000)
 ParOldGen       total 58880K, used 45810K [0x00000000c0000000, 0x00000000c3980000, 0x00000000eab00000)
  object space 58880K, 77% used [0x00000000c0000000,0x00000000c2cbc870,0x00000000c3980000)
 Metaspace       used 53384K, capacity 56766K, committed 57000K, reserved 1097728K
  class space    used 7082K, capacity 8032K, committed 8104K, reserved 1048576K
}

